<?xml version="1.0" encoding="UTF-8"?>
<!-- Generated by org.testng.reporters.JUnitReportReporter -->
<testsuite hostname="rikoyous-MacBook-Pro.local" failures="0" tests="1" name="MyControllerTest" time="1.958" errors="0" timestamp="2023-05-08T22:44:04 PDT" skipped="0">
  <testcase classname="MyControllerTest" name="greetingTest" time="1.958"/>
  <system-out/>
</testsuite> <!-- MyControllerTest -->
